[11:43:32:727] [INFO] reqId: [] - org.hibernate.validator.internal.util.Version.<clinit>(Version.java:21) - HV000001: Hibernate Validator 6.2.0.Final
[11:43:32:739] [INFO] reqId: [] - org.springframework.boot.StartupInfoLogger.logStarting(StartupInfoLogger.java:55) - Starting E5Application using Java 17.0.6 on ziqiandeMac-Studio.local with PID 3156 (/Users/ziqianzhang/IdeaProjects/e5/target/classes started by ziqianzhang in /Users/ziqianzhang/IdeaProjects/e5)
[11:43:32:741] [INFO] reqId: [] - org.springframework.boot.SpringApplication.logStartupProfileInfo(SpringApplication.java:663) - The following profiles are active: ${SPRING_PROFILES_ACTIVE}
[11:43:33:074] [INFO] reqId: [] - org.springframework.data.repository.config.RepositoryConfigurationDelegate.multipleStoresDetected(RepositoryConfigurationDelegate.java:262) - Multiple Spring Data modules found, entering strict repository configuration mode!
[11:43:33:076] [INFO] reqId: [] - org.springframework.data.repository.config.RepositoryConfigurationDelegate.registerRepositoriesIn(RepositoryConfigurationDelegate.java:132) - Bootstrapping Spring Data Redis repositories in DEFAULT mode.
[11:43:33:092] [INFO] reqId: [] - org.springframework.data.repository.config.RepositoryConfigurationDelegate.registerRepositoriesIn(RepositoryConfigurationDelegate.java:201) - Finished Spring Data repository scanning in 10 ms. Found 0 Redis repository interfaces.
[11:43:33:425] [WARN] reqId: [] - org.springframework.context.support.AbstractApplicationContext.refresh(AbstractApplicationContext.java:591) - Exception encountered during context initialization - cancelling refresh attempt: org.springframework.beans.factory.BeanCreationException: Error creating bean with name 'projectingArgumentResolverBeanPostProcessor' defined in class path resource [org/springframework/data/web/config/ProjectingArgumentResolverRegistrar.class]: BeanPostProcessor before instantiation of bean failed; nested exception is org.springframework.beans.factory.BeanCreationException: Error creating bean with name 'org.springframework.cache.annotation.ProxyCachingConfiguration': BeanPostProcessor before instantiation of bean failed; nested exception is org.springframework.beans.factory.BeanCreationException: Error creating bean with name 'metaDataSourceAdvisor': Cannot resolve reference to bean 'methodSecurityMetadataSource' while setting constructor argument; nested exception is org.springframework.beans.factory.BeanCreationException: Error creating bean with name 'org.springframework.security.config.annotation.method.configuration.GlobalMethodSecurityConfiguration': BeanPostProcessor before instantiation of bean failed; nested exception is org.springframework.beans.factory.UnsatisfiedDependencyException: Error creating bean with name 'com.baomidou.dynamic.datasource.spring.boot.autoconfigure.DynamicDataSourceAutoConfiguration': Unsatisfied dependency expressed through constructor parameter 0; nested exception is org.springframework.boot.context.properties.ConfigurationPropertiesBindException: Error creating bean with name 'spring.datasource.dynamic-com.baomidou.dynamic.datasource.spring.boot.autoconfigure.DynamicDataSourceProperties': Could not bind properties to 'DynamicDataSourceProperties' : prefix=spring.datasource.dynamic, ignoreInvalidFields=false, ignoreUnknownFields=true; nested exception is org.springframework.boot.context.properties.bind.BindException: Failed to bind properties under 'spring.datasource.dynamic.strict' to java.lang.Boolean
[11:43:33:432] [INFO] reqId: [] - org.springframework.boot.autoconfigure.logging.ConditionEvaluationReportLoggingListener.logMessage(ConditionEvaluationReportLoggingListener.java:136) - 

Error starting ApplicationContext. To display the conditions report re-run your application with 'debug' enabled.
[11:43:33:439] [ERROR] reqId: [] - org.springframework.boot.diagnostics.LoggingFailureAnalysisReporter.report(LoggingFailureAnalysisReporter.java:40) - 

***************************
APPLICATION FAILED TO START
***************************

Description:

Failed to bind properties under 'spring.datasource.dynamic.strict' to java.lang.Boolean:

    Property: spring.datasource.dynamic.strict
    Value: ${SPRING_DATASOURCE_DYNAMIC_STRICT}
    Origin: class path resource [application.properties] - 22:34
    Reason: failed to convert java.lang.String to java.lang.Boolean (caused by java.lang.IllegalArgumentException: Invalid boolean value [${SPRING_DATASOURCE_DYNAMIC_STRICT}])

Action:

Update your application's configuration

